<?xml version="1.0" encoding="UTF-8"?>
<robot generator="Robot 3.2.2 (Python 3.8.5 on win32)" generated="20210421 10:04:34.207" rpa="false">
<suite id="s1" name="AusyTest" source="C:\Users\danyb\PycharmProjects\AutomationTesting\TestCases\AusyTest.robot">
<test id="s1-t1" name="LoginTest">
<kw name="Open Browser" library="SeleniumLibrary">
<doc>Opens a new browser instance to the optional ``url``.</doc>
<arguments>
<arg>${url}</arg>
<arg>${browser}</arg>
</arguments>
<msg timestamp="20210421 10:04:34.484" level="INFO">Opening browser 'chrome' to base url 'https://www.randstad.fr/'.</msg>
<status status="PASS" starttime="20210421 10:04:34.483" endtime="20210421 10:04:39.352"></status>
</kw>
<kw name="Maximize Browser Window" library="SeleniumLibrary">
<doc>Maximizes current browser window.</doc>
<status status="PASS" starttime="20210421 10:04:39.353" endtime="20210421 10:04:39.498"></status>
</kw>
<kw name="Set Selenium Speed" library="SeleniumLibrary">
<doc>Sets the delay that is waited after each Selenium command.</doc>
<arguments>
<arg>5seconds</arg>
</arguments>
<status status="PASS" starttime="20210421 10:04:39.498" endtime="20210421 10:04:39.498"></status>
</kw>
<kw name="Input Text" library="SeleniumLibrary">
<doc>Types the given ``text`` into the text field identified by ``locator``.</doc>
<arguments>
<arg>id:id_What</arg>
<arg>boulanger</arg>
</arguments>
<msg timestamp="20210421 10:04:39.499" level="INFO">Typing text 'boulanger' into text field 'id:id_What'.</msg>
<status status="PASS" starttime="20210421 10:04:39.499" endtime="20210421 10:04:54.672"></status>
</kw>
<kw name="Click Element" library="SeleniumLibrary">
<doc>Click the element identified by ``locator``.</doc>
<arguments>
<arg>id:onetrust-accept-btn-handler</arg>
</arguments>
<msg timestamp="20210421 10:04:54.674" level="INFO">Clicking element 'id:onetrust-accept-btn-handler'.</msg>
<status status="PASS" starttime="20210421 10:04:54.673" endtime="20210421 10:05:04.815"></status>
</kw>
<kw name="Click Element" library="SeleniumLibrary">
<doc>Click the element identified by ``locator``.</doc>
<arguments>
<arg>//*[@id="004..."]/div[1]/div/div[2]/div/div/div[2]/div/div[2]/span</arg>
</arguments>
<msg timestamp="20210421 10:05:04.817" level="INFO">Clicking element '//*[@id="004..."]/div[1]/div/div[2]/div/div/div[2]/div/div[2]/span'.</msg>
<status status="PASS" starttime="20210421 10:05:04.817" endtime="20210421 10:05:14.925"></status>
</kw>
<kw name="Sleep" library="BuiltIn">
<doc>Pauses the test executed for the given time.</doc>
<arguments>
<arg>5</arg>
</arguments>
<msg timestamp="20210421 10:05:19.938" level="INFO">Slept 5 seconds</msg>
<status status="PASS" starttime="20210421 10:05:14.927" endtime="20210421 10:05:19.938"></status>
</kw>
<kw name="Click Element" library="SeleniumLibrary">
<doc>Click the element identified by ``locator``.</doc>
<arguments>
<arg>//*[@id="004..."]/div[1]/div/div[2]/div/div/div[2]/div/div[3]/div/ul/li[2]</arg>
</arguments>
<msg timestamp="20210421 10:05:19.939" level="INFO">Clicking element '//*[@id="004..."]/div[1]/div/div[2]/div/div/div[2]/div/div[3]/div/ul/li[2]'.</msg>
<status status="PASS" starttime="20210421 10:05:19.939" endtime="20210421 10:05:30.015"></status>
</kw>
<kw name="Sleep" library="BuiltIn">
<doc>Pauses the test executed for the given time.</doc>
<arguments>
<arg>5</arg>
</arguments>
<msg timestamp="20210421 10:05:35.028" level="INFO">Slept 5 seconds</msg>
<status status="PASS" starttime="20210421 10:05:30.017" endtime="20210421 10:05:35.028"></status>
</kw>
<kw name="Click Element" library="SeleniumLibrary">
<doc>Click the element identified by ``locator``.</doc>
<arguments>
<arg>//*[@id="004..."]/div[1]/div/div[2]/div/div/button/span[1]</arg>
</arguments>
<msg timestamp="20210421 10:05:35.029" level="INFO">Clicking element '//*[@id="004..."]/div[1]/div/div[2]/div/div/button/span[1]'.</msg>
<kw name="Capture Page Screenshot" library="SeleniumLibrary">
<doc>Takes a screenshot of the current page and embeds it into a log file.</doc>
<msg timestamp="20210421 10:05:45.203" level="INFO" html="yes">&lt;/td&gt;&lt;/tr&gt;&lt;tr&gt;&lt;td colspan="3"&gt;&lt;a href="selenium-screenshot-1.png"&gt;&lt;img src="selenium-screenshot-1.png" width="800px"&gt;&lt;/a&gt;</msg>
<status status="PASS" starttime="20210421 10:05:40.063" endtime="20210421 10:05:45.203"></status>
</kw>
<msg timestamp="20210421 10:05:45.272" level="FAIL">ElementNotInteractableException: Message: element not interactable
  (Session info: chrome=90.0.4430.72)
</msg>
<status status="FAIL" starttime="20210421 10:05:35.029" endtime="20210421 10:05:45.272"></status>
</kw>
<status status="FAIL" starttime="20210421 10:04:34.483" endtime="20210421 10:05:45.273" critical="yes">ElementNotInteractableException: Message: element not interactable
  (Session info: chrome=90.0.4430.72)
</status>
</test>
<status status="FAIL" starttime="20210421 10:04:34.209" endtime="20210421 10:05:45.275"></status>
</suite>
<statistics>
<total>
<stat pass="0" fail="1">Critical Tests</stat>
<stat pass="0" fail="1">All Tests</stat>
</total>
<tag>
</tag>
<suite>
<stat pass="0" fail="1" id="s1" name="AusyTest">AusyTest</stat>
</suite>
</statistics>
<errors>
</errors>
</robot>
